[04-Feb-2026 10:50:29 Asia/Bangkok] booking_status.php DEBUG - Session:
[04-Feb-2026 10:50:29 Asia/Bangkok]   tenant_id: NOT SET
[04-Feb-2026 10:50:29 Asia/Bangkok]   tenant_email: NOT SET
[04-Feb-2026 10:50:29 Asia/Bangkok]   resolvedTenantId: 
[04-Feb-2026 10:50:29 Asia/Bangkok]   isTenantLoggedIn: NO
[04-Feb-2026 11:21:53 Asia/Bangkok] booking_status.php DEBUG - Session:
[04-Feb-2026 11:21:53 Asia/Bangkok]   tenant_id: NOT SET
[04-Feb-2026 11:21:53 Asia/Bangkok]   tenant_email: NOT SET
[04-Feb-2026 11:21:53 Asia/Bangkok]   resolvedTenantId: 
[04-Feb-2026 11:21:53 Asia/Bangkok]   isTenantLoggedIn: NO
[04-Feb-2026 11:22:38 Asia/Bangkok] booking_status.php DEBUG - Session:
[04-Feb-2026 11:22:38 Asia/Bangkok]   tenant_id: NOT SET
[04-Feb-2026 11:22:38 Asia/Bangkok]   tenant_email: NOT SET
[04-Feb-2026 11:22:38 Asia/Bangkok]   resolvedTenantId: 
[04-Feb-2026 11:22:38 Asia/Bangkok]   isTenantLoggedIn: NO
[04-Feb-2026 11:22:39 Asia/Bangkok] booking_status.php DEBUG - Session:
[04-Feb-2026 11:22:39 Asia/Bangkok]   tenant_id: NOT SET
[04-Feb-2026 11:22:39 Asia/Bangkok]   tenant_email: NOT SET
[04-Feb-2026 11:22:39 Asia/Bangkok]   resolvedTenantId: 
[04-Feb-2026 11:22:39 Asia/Bangkok]   isTenantLoggedIn: NO
[04-Feb-2026 11:22:51 Asia/Bangkok] booking_status.php DEBUG - Session:
[04-Feb-2026 11:22:51 Asia/Bangkok]   tenant_id: NOT SET
[04-Feb-2026 11:22:51 Asia/Bangkok]   tenant_email: NOT SET
[04-Feb-2026 11:22:51 Asia/Bangkok]   resolvedTenantId: 
[04-Feb-2026 11:22:51 Asia/Bangkok]   isTenantLoggedIn: NO
[04-Feb-2026 11:23:25 Asia/Bangkok] booking_status.php DEBUG - Session:
[04-Feb-2026 11:23:25 Asia/Bangkok]   tenant_id: NOT SET
[04-Feb-2026 11:23:25 Asia/Bangkok]   tenant_email: NOT SET
[04-Feb-2026 11:23:25 Asia/Bangkok]   resolvedTenantId: 
[04-Feb-2026 11:23:25 Asia/Bangkok]   isTenantLoggedIn: NO
[04-Feb-2026 11:23:41 Asia/Bangkok] booking_status.php DEBUG - Session:
[04-Feb-2026 11:23:41 Asia/Bangkok]   tenant_id: NOT SET
[04-Feb-2026 11:23:41 Asia/Bangkok]   tenant_email: NOT SET
[04-Feb-2026 11:23:41 Asia/Bangkok]   resolvedTenantId: 
[04-Feb-2026 11:23:41 Asia/Bangkok]   isTenantLoggedIn: NO
[04-Feb-2026 11:23:53 Asia/Bangkok] booking_status.php DEBUG - Session:
[04-Feb-2026 11:23:53 Asia/Bangkok]   tenant_id: NOT SET
[04-Feb-2026 11:23:53 Asia/Bangkok]   tenant_email: NOT SET
[04-Feb-2026 11:23:53 Asia/Bangkok]   resolvedTenantId: 
[04-Feb-2026 11:23:53 Asia/Bangkok]   isTenantLoggedIn: NO
[04-Feb-2026 11:24:32 Asia/Bangkok] booking_status.php DEBUG - Session:
[04-Feb-2026 11:24:32 Asia/Bangkok]   tenant_id: NOT SET
[04-Feb-2026 11:24:32 Asia/Bangkok]   tenant_email: NOT SET
[04-Feb-2026 11:24:32 Asia/Bangkok]   resolvedTenantId: 
[04-Feb-2026 11:24:32 Asia/Bangkok]   isTenantLoggedIn: NO
[04-Feb-2026 11:24:43 Asia/Bangkok] booking_status.php DEBUG - Session:
[04-Feb-2026 11:24:43 Asia/Bangkok]   tenant_id: NOT SET
[04-Feb-2026 11:24:43 Asia/Bangkok]   tenant_email: NOT SET
[04-Feb-2026 11:24:43 Asia/Bangkok]   resolvedTenantId: 
[04-Feb-2026 11:24:43 Asia/Bangkok]   isTenantLoggedIn: NO
[04-Feb-2026 11:28:27 Asia/Bangkok] booking_status.php DEBUG - Session:
[04-Feb-2026 11:28:27 Asia/Bangkok]   tenant_id: NOT SET
[04-Feb-2026 11:28:27 Asia/Bangkok]   tenant_email: NOT SET
[04-Feb-2026 11:28:27 Asia/Bangkok]   resolvedTenantId: 
[04-Feb-2026 11:28:27 Asia/Bangkok]   isTenantLoggedIn: NO
[04-Feb-2026 11:28:34 Asia/Bangkok] booking_status.php DEBUG - Session:
[04-Feb-2026 11:28:34 Asia/Bangkok]   tenant_id: NOT SET
[04-Feb-2026 11:28:34 Asia/Bangkok]   tenant_email: NOT SET
[04-Feb-2026 11:28:34 Asia/Bangkok]   resolvedTenantId: 
[04-Feb-2026 11:28:34 Asia/Bangkok]   isTenantLoggedIn: NO
[04-Feb-2026 11:28:35 Asia/Bangkok] booking_status.php DEBUG - Session:
[04-Feb-2026 11:28:35 Asia/Bangkok]   tenant_id: NOT SET
[04-Feb-2026 11:28:35 Asia/Bangkok]   tenant_email: NOT SET
[04-Feb-2026 11:28:35 Asia/Bangkok]   resolvedTenantId: 
[04-Feb-2026 11:28:35 Asia/Bangkok]   isTenantLoggedIn: NO
[04-Feb-2026 11:28:50 Asia/Bangkok] booking_status.php DEBUG - Session:
[04-Feb-2026 11:28:50 Asia/Bangkok]   tenant_id: NOT SET
[04-Feb-2026 11:28:50 Asia/Bangkok]   tenant_email: NOT SET
[04-Feb-2026 11:28:50 Asia/Bangkok]   resolvedTenantId: 
[04-Feb-2026 11:28:50 Asia/Bangkok]   isTenantLoggedIn: NO
[04-Feb-2026 11:37:15 Asia/Bangkok] booking_status.php DEBUG - Session:
[04-Feb-2026 11:37:15 Asia/Bangkok]   tenant_id: NOT SET
[04-Feb-2026 11:37:15 Asia/Bangkok]   tenant_email: NOT SET
[04-Feb-2026 11:37:15 Asia/Bangkok]   resolvedTenantId: 
[04-Feb-2026 11:37:15 Asia/Bangkok]   isTenantLoggedIn: NO
[04-Feb-2026 11:37:38 Asia/Bangkok] booking_status.php DEBUG - Session:
[04-Feb-2026 11:37:38 Asia/Bangkok]   tenant_id: NOT SET
[04-Feb-2026 11:37:38 Asia/Bangkok]   tenant_email: NOT SET
[04-Feb-2026 11:37:38 Asia/Bangkok]   resolvedTenantId: 
[04-Feb-2026 11:37:38 Asia/Bangkok]   isTenantLoggedIn: NO
[04-Feb-2026 11:37:49 Asia/Bangkok] booking_status.php DEBUG - Session:
[04-Feb-2026 11:37:49 Asia/Bangkok]   tenant_id: NOT SET
[04-Feb-2026 11:37:49 Asia/Bangkok]   tenant_email: NOT SET
[04-Feb-2026 11:37:49 Asia/Bangkok]   resolvedTenantId: 
[04-Feb-2026 11:37:49 Asia/Bangkok]   isTenantLoggedIn: NO
[04-Feb-2026 11:38:02 Asia/Bangkok] booking_status.php DEBUG - Session:
[04-Feb-2026 11:38:02 Asia/Bangkok]   tenant_id: NOT SET
[04-Feb-2026 11:38:02 Asia/Bangkok]   tenant_email: NOT SET
[04-Feb-2026 11:38:02 Asia/Bangkok]   resolvedTenantId: 
[04-Feb-2026 11:38:02 Asia/Bangkok]   isTenantLoggedIn: NO
[04-Feb-2026 11:38:02 Asia/Bangkok] booking_status.php DEBUG - Session:
[04-Feb-2026 11:38:02 Asia/Bangkok]   tenant_id: NOT SET
[04-Feb-2026 11:38:02 Asia/Bangkok]   tenant_email: NOT SET
[04-Feb-2026 11:38:02 Asia/Bangkok]   resolvedTenantId: 
[04-Feb-2026 11:38:02 Asia/Bangkok]   isTenantLoggedIn: NO
[04-Feb-2026 11:38:52 Asia/Bangkok] booking_status.php DEBUG - Session:
[04-Feb-2026 11:38:52 Asia/Bangkok]   tenant_id: NOT SET
[04-Feb-2026 11:38:52 Asia/Bangkok]   tenant_email: NOT SET
[04-Feb-2026 11:38:52 Asia/Bangkok]   resolvedTenantId: 
[04-Feb-2026 11:38:52 Asia/Bangkok]   isTenantLoggedIn: NO
[04-Feb-2026 11:39:01 Asia/Bangkok] booking_status.php DEBUG - Session:
[04-Feb-2026 11:39:01 Asia/Bangkok]   tenant_id: NOT SET
[04-Feb-2026 11:39:01 Asia/Bangkok]   tenant_email: NOT SET
[04-Feb-2026 11:39:01 Asia/Bangkok]   resolvedTenantId: 
[04-Feb-2026 11:39:01 Asia/Bangkok]   isTenantLoggedIn: NO
[04-Feb-2026 11:39:21 Asia/Bangkok] booking_status.php DEBUG - Session:
[04-Feb-2026 11:39:21 Asia/Bangkok]   tenant_id: NOT SET
[04-Feb-2026 11:39:21 Asia/Bangkok]   tenant_email: NOT SET
[04-Feb-2026 11:39:21 Asia/Bangkok]   resolvedTenantId: 
[04-Feb-2026 11:39:21 Asia/Bangkok]   isTenantLoggedIn: NO
[04-Feb-2026 11:39:26 Asia/Bangkok] booking_status.php DEBUG - Session:
[04-Feb-2026 11:39:26 Asia/Bangkok]   tenant_id: NOT SET
[04-Feb-2026 11:39:26 Asia/Bangkok]   tenant_email: NOT SET
[04-Feb-2026 11:39:26 Asia/Bangkok]   resolvedTenantId: 
[04-Feb-2026 11:39:26 Asia/Bangkok]   isTenantLoggedIn: NO
[04-Feb-2026 11:39:26 Asia/Bangkok] booking_status.php DEBUG - Session:
[04-Feb-2026 11:39:26 Asia/Bangkok]   tenant_id: NOT SET
[04-Feb-2026 11:39:26 Asia/Bangkok]   tenant_email: NOT SET
[04-Feb-2026 11:39:26 Asia/Bangkok]   resolvedTenantId: 
[04-Feb-2026 11:39:26 Asia/Bangkok]   isTenantLoggedIn: NO
[04-Feb-2026 11:39:34 Asia/Bangkok] booking_status.php DEBUG - Session:
[04-Feb-2026 11:39:34 Asia/Bangkok]   tenant_id: NOT SET
[04-Feb-2026 11:39:34 Asia/Bangkok]   tenant_email: NOT SET
[04-Feb-2026 11:39:34 Asia/Bangkok]   resolvedTenantId: 
[04-Feb-2026 11:39:34 Asia/Bangkok]   isTenantLoggedIn: NO
[04-Feb-2026 12:23:59 Asia/Bangkok] booking_status.php DEBUG - Session:
[04-Feb-2026 12:23:59 Asia/Bangkok]   tenant_id: NOT SET
[04-Feb-2026 12:23:59 Asia/Bangkok]   tenant_email: NOT SET
[04-Feb-2026 12:23:59 Asia/Bangkok]   resolvedTenantId: 
[04-Feb-2026 12:23:59 Asia/Bangkok]   isTenantLoggedIn: NO
[04-Feb-2026 12:25:22 Asia/Bangkok] booking_status.php DEBUG - Session:
[04-Feb-2026 12:25:22 Asia/Bangkok]   tenant_id: NOT SET
[04-Feb-2026 12:25:22 Asia/Bangkok]   tenant_email: NOT SET
[04-Feb-2026 12:25:22 Asia/Bangkok]   resolvedTenantId: 
[04-Feb-2026 12:25:22 Asia/Bangkok]   isTenantLoggedIn: NO
[04-Feb-2026 12:25:48 Asia/Bangkok] booking_status.php DEBUG - Session:
[04-Feb-2026 12:25:48 Asia/Bangkok]   tenant_id: NOT SET
[04-Feb-2026 12:25:48 Asia/Bangkok]   tenant_email: NOT SET
[04-Feb-2026 12:25:48 Asia/Bangkok]   resolvedTenantId: 
[04-Feb-2026 12:25:48 Asia/Bangkok]   isTenantLoggedIn: NO
[04-Feb-2026 12:26:15 Asia/Bangkok] booking_status.php DEBUG - Session:
[04-Feb-2026 12:26:15 Asia/Bangkok]   tenant_id: NOT SET
[04-Feb-2026 12:26:15 Asia/Bangkok]   tenant_email: NOT SET
[04-Feb-2026 12:26:15 Asia/Bangkok]   resolvedTenantId: 
[04-Feb-2026 12:26:15 Asia/Bangkok]   isTenantLoggedIn: NO
[04-Feb-2026 12:26:25 Asia/Bangkok] booking_status.php DEBUG - Session:
[04-Feb-2026 12:26:25 Asia/Bangkok]   tenant_id: NOT SET
[04-Feb-2026 12:26:25 Asia/Bangkok]   tenant_email: NOT SET
[04-Feb-2026 12:26:25 Asia/Bangkok]   resolvedTenantId: 
[04-Feb-2026 12:26:25 Asia/Bangkok]   isTenantLoggedIn: NO
[04-Feb-2026 12:26:49 Asia/Bangkok] booking_status.php DEBUG - Session:
[04-Feb-2026 12:26:49 Asia/Bangkok]   tenant_id: NOT SET
[04-Feb-2026 12:26:49 Asia/Bangkok]   tenant_email: NOT SET
[04-Feb-2026 12:26:49 Asia/Bangkok]   resolvedTenantId: 
[04-Feb-2026 12:26:49 Asia/Bangkok]   isTenantLoggedIn: NO
[04-Feb-2026 12:26:55 Asia/Bangkok] booking_status.php DEBUG - Session:
[04-Feb-2026 12:26:55 Asia/Bangkok]   tenant_id: NOT SET
[04-Feb-2026 12:26:55 Asia/Bangkok]   tenant_email: NOT SET
[04-Feb-2026 12:26:55 Asia/Bangkok]   resolvedTenantId: 
[04-Feb-2026 12:26:55 Asia/Bangkok]   isTenantLoggedIn: NO
[04-Feb-2026 12:26:55 Asia/Bangkok] booking_status.php DEBUG - Session:
[04-Feb-2026 12:26:55 Asia/Bangkok]   tenant_id: NOT SET
[04-Feb-2026 12:26:55 Asia/Bangkok]   tenant_email: NOT SET
[04-Feb-2026 12:26:55 Asia/Bangkok]   resolvedTenantId: 
[04-Feb-2026 12:26:55 Asia/Bangkok]   isTenantLoggedIn: NO
[04-Feb-2026 12:26:56 Asia/Bangkok] booking_status.php DEBUG - Session:
[04-Feb-2026 12:26:56 Asia/Bangkok]   tenant_id: NOT SET
[04-Feb-2026 12:26:56 Asia/Bangkok]   tenant_email: NOT SET
[04-Feb-2026 12:26:56 Asia/Bangkok]   resolvedTenantId: 
[04-Feb-2026 12:26:56 Asia/Bangkok]   isTenantLoggedIn: NO
[04-Feb-2026 12:26:56 Asia/Bangkok] booking_status.php DEBUG - Session:
[04-Feb-2026 12:26:56 Asia/Bangkok]   tenant_id: NOT SET
[04-Feb-2026 12:26:56 Asia/Bangkok]   tenant_email: NOT SET
[04-Feb-2026 12:26:56 Asia/Bangkok]   resolvedTenantId: 
[04-Feb-2026 12:26:56 Asia/Bangkok]   isTenantLoggedIn: NO
[04-Feb-2026 12:29:28 Asia/Bangkok] booking_status.php DEBUG - Session:
[04-Feb-2026 12:29:28 Asia/Bangkok]   tenant_id: NOT SET
[04-Feb-2026 12:29:28 Asia/Bangkok]   tenant_email: NOT SET
[04-Feb-2026 12:29:28 Asia/Bangkok]   resolvedTenantId: 
[04-Feb-2026 12:29:28 Asia/Bangkok]   isTenantLoggedIn: NO
[04-Feb-2026 12:30:07 Asia/Bangkok] booking_status.php DEBUG - Session:
[04-Feb-2026 12:30:07 Asia/Bangkok]   tenant_id: NOT SET
[04-Feb-2026 12:30:07 Asia/Bangkok]   tenant_email: NOT SET
[04-Feb-2026 12:30:07 Asia/Bangkok]   resolvedTenantId: 
[04-Feb-2026 12:30:07 Asia/Bangkok]   isTenantLoggedIn: NO
[04-Feb-2026 12:30:18 Asia/Bangkok] booking_status.php DEBUG - Session:
[04-Feb-2026 12:30:18 Asia/Bangkok]   tenant_id: NOT SET
[04-Feb-2026 12:30:18 Asia/Bangkok]   tenant_email: NOT SET
[04-Feb-2026 12:30:18 Asia/Bangkok]   resolvedTenantId: 
[04-Feb-2026 12:30:18 Asia/Bangkok]   isTenantLoggedIn: NO
[04-Feb-2026 12:44:23 Asia/Bangkok] booking_status.php DEBUG - Session:
[04-Feb-2026 12:44:23 Asia/Bangkok]   tenant_id: NOT SET
[04-Feb-2026 12:44:23 Asia/Bangkok]   tenant_email: NOT SET
[04-Feb-2026 12:44:23 Asia/Bangkok]   resolvedTenantId: 
[04-Feb-2026 12:44:23 Asia/Bangkok]   isTenantLoggedIn: NO
[09-Apr-2026 14:59:08 Asia/Bangkok] booking_status.php DEBUG - Session:
[09-Apr-2026 14:59:08 Asia/Bangkok]   tenant_id: NOT SET
[09-Apr-2026 14:59:08 Asia/Bangkok]   tenant_email: NOT SET
[09-Apr-2026 14:59:08 Asia/Bangkok]   resolvedTenantId: 
[09-Apr-2026 14:59:08 Asia/Bangkok]   isTenantLoggedIn: NO
